Determining if the function wsyncup exists in the /usr/lib64/libcurses.so passed with the following output:
Change Dir: /home/paris/ngc/kev6/cmake_installer/installer_source_files/cmake-3.18.0/Source/Checks/Curses-build/CMakeFiles/CMakeTmp

Run Build Command(s):/usr/bin/gmake cmTC_af0cf/fast && gmake  -f CMakeFiles/cmTC_af0cf.dir/build.make CMakeFiles/cmTC_af0cf.dir/build
gmake[1]: Entering directory `/home/paris/ngc/kev6/cmake_installer/installer_source_files/cmake-3.18.0/Source/Checks/Curses-build/CMakeFiles/CMakeTmp'
Building C object CMakeFiles/cmTC_af0cf.dir/CheckFunctionExists.c.o
/usr/bin/gcc   -DCHECK_FUNCTION_EXISTS=wsyncup -o CMakeFiles/cmTC_af0cf.dir/CheckFunctionExists.c.o -c /home/paris/ngc/kev6/cmake_installer/installer_source_files/cmake-3.18.0/Modules/CheckFunctionExists.c
Linking C executable cmTC_af0cf
/home/paris/ngc/kev6/cmake_installer/installer_source_files/cmake-3.18.0/Bootstrap.cmk/cmake -E cmake_link_script CMakeFiles/cmTC_af0cf.dir/link.txt --verbose=1
/usr/bin/gcc  -DCHECK_FUNCTION_EXISTS=wsyncup -rdynamic CMakeFiles/cmTC_af0cf.dir/CheckFunctionExists.c.o -o cmTC_af0cf  -lcurses 
gmake[1]: Leaving directory `/home/paris/ngc/kev6/cmake_installer/installer_source_files/cmake-3.18.0/Source/Checks/Curses-build/CMakeFiles/CMakeTmp'



Determining if the function cbreak exists in the /usr/lib64/libncurses.so passed with the following output:
Change Dir: /home/paris/ngc/kev6/cmake_installer/installer_source_files/cmake-3.18.0/Source/Checks/Curses-build/CMakeFiles/CMakeTmp

Run Build Command(s):/usr/bin/gmake cmTC_7794a/fast && gmake  -f CMakeFiles/cmTC_7794a.dir/build.make CMakeFiles/cmTC_7794a.dir/build
gmake[1]: Entering directory `/home/paris/ngc/kev6/cmake_installer/installer_source_files/cmake-3.18.0/Source/Checks/Curses-build/CMakeFiles/CMakeTmp'
Building C object CMakeFiles/cmTC_7794a.dir/CheckFunctionExists.c.o
/usr/bin/gcc   -DCHECK_FUNCTION_EXISTS=cbreak -o CMakeFiles/cmTC_7794a.dir/CheckFunctionExists.c.o -c /home/paris/ngc/kev6/cmake_installer/installer_source_files/cmake-3.18.0/Modules/CheckFunctionExists.c
Linking C executable cmTC_7794a
/home/paris/ngc/kev6/cmake_installer/installer_source_files/cmake-3.18.0/Bootstrap.cmk/cmake -E cmake_link_script CMakeFiles/cmTC_7794a.dir/link.txt --verbose=1
/usr/bin/gcc  -DCHECK_FUNCTION_EXISTS=cbreak -rdynamic CMakeFiles/cmTC_7794a.dir/CheckFunctionExists.c.o -o cmTC_7794a  -lncurses 
gmake[1]: Leaving directory `/home/paris/ngc/kev6/cmake_installer/installer_source_files/cmake-3.18.0/Source/Checks/Curses-build/CMakeFiles/CMakeTmp'



